<?xml version="1.0" encoding="UTF-8"?>
<testsuite name="com.rf.learning.jpaspringbootapp.JPASpringBootApplicationTest" time="0.35" tests="8" errors="0" skipped="0" failures="0">
  <properties>
    <property name="idea.version" value="2017.1.4"/>
    <property name="java.runtime.name" value="Java(TM) SE Runtime Environment"/>
    <property name="sun.boot.library.path" value="C:\Java\jdk1.8.0_131\jre\bin"/>
    <property name="java.vm.version" value="25.131-b11"/>
    <property name="java.vm.vendor" value="Oracle Corporation"/>
    <property name="maven.multiModuleProjectDirectory" value="C:\Projects\Git\SpringBoot\JPA-SpringBoot-Application"/>
    <property name="java.vendor.url" value="http://java.oracle.com/"/>
    <property name="path.separator" value=";"/>
    <property name="guice.disable.misplaced.annotation.check" value="true"/>
    <property name="java.vm.name" value="Java HotSpot(TM) 64-Bit Server VM"/>
    <property name="file.encoding.pkg" value="sun.io"/>
    <property name="user.script" value=""/>
    <property name="user.country" value="GB"/>
    <property name="sun.java.launcher" value="SUN_STANDARD"/>
    <property name="sun.os.patch.level" value=""/>
    <property name="java.vm.specification.name" value="Java Virtual Machine Specification"/>
    <property name="user.dir" value="C:\Projects\Git\SpringBoot\JPA-SpringBoot-Application"/>
    <property name="java.runtime.version" value="1.8.0_131-b11"/>
    <property name="java.awt.graphicsenv" value="sun.awt.Win32GraphicsEnvironment"/>
    <property name="java.endorsed.dirs" value="C:\Java\jdk1.8.0_131\jre\lib\endorsed"/>
    <property name="os.arch" value="amd64"/>
    <property name="java.io.tmpdir" value="C:\Users\fensomer\AppData\Local\Temp\"/>
    <property name="line.separator" value="&#10;"/>
    <property name="java.vm.specification.vendor" value="Oracle Corporation"/>
    <property name="user.variant" value=""/>
    <property name="os.name" value="Windows 10"/>
    <property name="classworlds.conf" value="C:\Tools\JetBrains\IntelliJ\plugins\maven\lib\maven3\bin\m2.conf"/>
    <property name="sun.jnu.encoding" value="Cp1252"/>
    <property name="java.library.path" value="C:\Java\jdk1.8.0_131\bin;C:\Windows\Sun\Java\bin;C:\Windows\system32;C:\Windows;C:\Program Files\Docker\Docker\Resources\bin;C:\Windows\system32;C:\Windows;C:\Windows\System32\Wbem;C:\Windows\System32\WindowsPowerShell\v1.0\;C:\Tools\TortoiseHg\;C:\Program Files\SourceGear\Common\DiffMerge\;C:\Program Files\ibm\gsk8\lib64;C:\Program Files (x86)\ibm\gsk8\lib;C:\Tools\Mercurial\;C:\Tools\maven\bin;C:\Tools\cmder;C:\Tools\Shortcuts;C:\PROGRA~1\IBM\SQLLIB\BIN;C:\PROGRA~1\IBM\SQLLIB\FUNCTION;C:\PROGRA~1\IBM\SQLLIB\SAMPLES\REPL;C:\Tools\Shortcuts;C:\Tools\nodejs\;C:\Tools\ant\bin;C:\Tools\Android\Android Studio;C:\Tools\Android\sdk;C:\Tools\Android\sdk\tools;C:\Tools\Android\sdk\tools\bin;C:\ProgramData\chocolatey\bin;C:\Tools\Amazon\AWSCLI\;C:\Tools\nginx;C:\Tools\BatchFiles;C:\Program Files\PuTTY\;C:\Tools\Git\cmd;C:\Tools\Perl\Strawberry\c\bin;C:\Tools\Perl\Strawberry\perl\site\bin;C:\Tools\Perl\Strawberry\perl\bin;C:\Program Files\Intel\WiFi\bin\;C:\Program Files\Common Files\Intel\WirelessCommon\;C:\Program Files\MySQL\MySQL Server 5.7\bin;C:\Tools\Python\Python36-32\Scripts\;C:\Tools\Python\Python36-32\;C:\Tools\Microsoft VS Code\bin;C:\Tools\Shortcuts;C:\Users\fensomer\AppData\Roaming\npm;C:\Tools\Chrome5_6;."/>
    <property name="java.specification.name" value="Java Platform API Specification"/>
    <property name="java.class.version" value="52.0"/>
    <property name="sun.management.compiler" value="HotSpot 64-Bit Tiered Compilers"/>
    <property name="os.version" value="10.0"/>
    <property name="user.home" value="C:\Users\fensomer"/>
    <property name="user.timezone" value="Europe/London"/>
    <property name="java.awt.printerjob" value="sun.awt.windows.WPrinterJob"/>
    <property name="java.specification.version" value="1.8"/>
    <property name="file.encoding" value="UTF-8"/>
    <property name="user.name" value="FensomeR"/>
    <property name="java.class.path" value="C:\Tools\JetBrains\IntelliJ\plugins\maven\lib\maven3\boot\plexus-classworlds-2.5.2.jar;C:\Tools\JetBrains\IntelliJ\lib\idea_rt.jar"/>
    <property name="java.vm.specification.version" value="1.8"/>
    <property name="sun.arch.data.model" value="64"/>
    <property name="java.home" value="C:\Java\jdk1.8.0_131\jre"/>
    <property name="sun.java.command" value="org.codehaus.classworlds.Launcher -Didea.version=2017.1.4 clean install"/>
    <property name="java.specification.vendor" value="Oracle Corporation"/>
    <property name="user.language" value="en"/>
    <property name="awt.toolkit" value="sun.awt.windows.WToolkit"/>
    <property name="java.vm.info" value="mixed mode"/>
    <property name="java.version" value="1.8.0_131"/>
    <property name="java.ext.dirs" value="C:\Java\jdk1.8.0_131\jre\lib\ext;C:\Windows\Sun\Java\lib\ext"/>
    <property name="sun.boot.class.path" value="C:\Java\jdk1.8.0_131\jre\lib\resources.jar;C:\Java\jdk1.8.0_131\jre\lib\rt.jar;C:\Java\jdk1.8.0_131\jre\lib\sunrsasign.jar;C:\Java\jdk1.8.0_131\jre\lib\jsse.jar;C:\Java\jdk1.8.0_131\jre\lib\jce.jar;C:\Java\jdk1.8.0_131\jre\lib\charsets.jar;C:\Java\jdk1.8.0_131\jre\lib\jfr.jar;C:\Java\jdk1.8.0_131\jre\classes"/>
    <property name="java.vendor" value="Oracle Corporation"/>
    <property name="maven.home" value="C:\Tools\JetBrains\IntelliJ\plugins\maven\lib\maven3"/>
    <property name="file.separator" value="\"/>
    <property name="java.vendor.url.bug" value="http://bugreport.sun.com/bugreport/"/>
    <property name="sun.cpu.endian" value="little"/>
    <property name="sun.io.unicode.encoding" value="UnicodeLittle"/>
    <property name="sun.desktop" value="windows"/>
    <property name="sun.cpu.isalist" value="amd64"/>
  </properties>
  <testcase name="findByNameLike" classname="com.rf.learning.jpaspringbootapp.JPASpringBootApplicationTest" time="0.246"/>
  <testcase name="findAllUsers_nameASC" classname="com.rf.learning.jpaspringbootapp.JPASpringBootApplicationTest" time="0.02"/>
  <testcase name="findByName" classname="com.rf.learning.jpaspringbootapp.JPASpringBootApplicationTest" time="0.01"/>
  <testcase name="findUserById" classname="com.rf.learning.jpaspringbootapp.JPASpringBootApplicationTest" time="0.01"/>
  <testcase name="findAllUsers_pageRequest" classname="com.rf.learning.jpaspringbootapp.JPASpringBootApplicationTest" time="0.02"/>
  <testcase name="findAllUsers_dualOrder" classname="com.rf.learning.jpaspringbootapp.JPASpringBootApplicationTest" time="0.009"/>
  <testcase name="createUser" classname="com.rf.learning.jpaspringbootapp.JPASpringBootApplicationTest" time="0.024"/>
  <testcase name="findAllUsers" classname="com.rf.learning.jpaspringbootapp.JPASpringBootApplicationTest" time="0.011"/>
</testsuite>